<?xml version="1.0" encoding="UTF-8"?>
<dataset>
	<Category category_id="1" value="Lorem" />
	<Category category_id="2" value="Nullam" />

	<User 
		user_id="1" 
		username="userone" 
		password="drowssap" 
		fullname="User One" 
		email="userone@domain.com" 
		hostaddress="127.0.0.1" 
		role="MEMBER" 
		active="true" 
		createat="2012-09-01 18:29:33.633"/>
	<User 
		user_id="2" 
		username="usertwo" 
		password="drowssap" 
		fullname="User Two" 
		email="usertwo@domain.com" 
		hostaddress="127.0.0.1"
		role="MEMBER" 
		active="true" 
		createat="2012-09-01 20:31:39.94"/>

	<Post
		post_id="1"
		createdat="2012-09-01 18:29:33.633"
		title="Etiam sit amet orci"
		category_category_id="1"
		intro="Dolor sit amet, consectetuer adipiscing elit. Aenean commodo"
		content="Aenean commodo ligula eget dolor. Aenean massa. Cum sociis natoque penatibus et magnis dis parturient montes, nascetur ridiculus mus. Donec quam felis"
		metadesc="Lorem ipsum dolor sit amet, consectetuer"
		metakey="Lorem, Ipsum"
		author_user_id="1"/>
	<Post
		post_id="2"
		createdat="2012-09-01 20:31:39.94"
		title="Vivamus elementum semper"
		category_category_id="2"
		intro="Nulla consequat massa quis enim. Donec pede justo"
		content="Curabitur ullamcorper ultricies nisi. Nam eget dui."
		metadesc="Lorem ipsum dolor sit amet, consectetuer"
		metakey="Lorem, Ipsum"
		author_user_id="2"/>

	<Comment
		comment_id="1" 
		createat="2012-09-01 18:29:33.633"
		author="Visitor One" 
		content="Nulla consequat massa quis enim. Donec pede justo, fringilla vel, aliquet nec, vulputate eget, arcu" 
		email="userone@domain.com" 
		hostaddress="127.0.0.1" 
		post_id="1"/>
	<Comment 
		comment_id="2" 
		createat="2012-09-01 20:31:39.94" 
		author="Vistor Two" 
		content=" Donec vitae sapien ut libero venenatis faucibus.Nullam quis ante. Etiam sit amet orci eget eros faucibus tincidunt." 
		email="visitor2@domain.com" 
		hostaddress="127.0.0.1" 
		post_id="1"/>

	<Reply 
		reply_id="1" 
		createat="2012-09-01 18:29:33.633"
		content="Donec sodales sagittis magna. Sed consequat, leo eget bibendum sodales, augue velit cursus nunc" 
		hostaddress="127.0.0.1" 
		author_user_id="1" 
		comment_id="1"/>
	<Reply 
		reply_id="2" 
		createat="2012-09-01 20:31:39.94" 
		content=" Donec vitae sapien ut libero venenatis faucibus.Nullam quis ante. Etiam sit amet orci eget eros faucibus tincidunt." 
		hostaddress="127.0.0.1" 
		author_user_id="1" 
		comment_id="2"/>
	<Media 
		media_id="1" 
		createat="2012-09-01 18:29:33.633"
		owner_user_id="1"
		name="bestblogs.zip"
		description="List of best blogs in 2012"
		contenttype="application/zip"
		urn="/files/2012/9/bestblogs.zip"/>
	<Media 
		media_id="2" 
		createat="2012-09-01 20:31:39.944"
		owner_user_id="2"
		name="wallpaper.png"
		description="Amazing nature wallpaper"
		contenttype="image/png"
		urn="/images/2012/9/wallpaper.png"/>
	<Message
		message_id="1"
		createat="2012-09-01 18:29:33.633"
		sendername="User One" 
		senderemail="userone@domain.com" 
		subject="Etiam sit amet orci"
		content="Aenean commodo ligula eget dolor. Aenean massa. Cum sociis natoque penatibus et magnis dis parturient montes, nascetur ridiculus mus. Donec quam felis"
		hostaddress="127.0.0.1"/>
	<Message
		message_id="2"
		createat="2012-09-01 20:31:39.94"
		sendername="User Two" 
		senderemail="usertwo@domain.com" 
		subject="Vivamus elementum semper"
		content="Curabitur ullamcorper ultricies nisi. Nam eget dui."
		hostaddress="127.0.0.1"/>	
	<Token
		token_id="1"
		createat="2012-09-01 18:29:33.633"
		value="3e817ae3-c770-4e43-afc3-4076e7bf1917"
		creator_user_id="1"/>
	<Token
		token_id="2"
		createat="2012-09-01 20:31:39.94"
		value="3c0b6030-64e4-4c73-a1d7-f56eaa6ecfa0"
		creator_user_id="2"/>
	<Remember
		remember_id="1"
		createat="2012-09-01 18:29:33.633"
		value="4Cd0Zbs3MTU8edkgO9eNT8xehXydR2GMaKVGeLB9hsXDNOf26v"
		user_user_id="1"/>
	<Remember
		remember_id="2"
		createat="2012-09-01 20:31:39.94"
		value="DYvOIwZT9HUTj0Vudfp90ZSfluaTJhf1Q1onzGIDhurdq4cU20"
		user_user_id="2"/>
</dataset>
